
-----BUG_analyticalEM210511 20210511_173805-----

[INFO] Use type_Xsec: e-H2-Phelps 
[INFO] Use input plasma dataset: 2021Zielke_BUG_sweep 
[INFO] Use input ICPs geometry dataset: BUG_base 
[INFO] Choose measured-Rmetal-woplasma as Rloss with plasma
[INFO] Use calculated-Lcoil-woplasma as Lcoil with plasma
[INFO] The electric model analytical_base needs:
Rmetal : excepted calculated-Rcoil-woplasma, actual measured-Rmetal-woplasma
[警告: There are some differences.] 
[> In <a href="matlab:matlab.internal.language.introspective.errorDocCallback('get_input_data', 'E:\GitRepos\NIS_driver_power_deposition\packages\io\get_input_data.m', 159)" style="font-weight:bold">get_input_data</a> (<a href="matlab: opentoline('E:\GitRepos\NIS_driver_power_deposition\packages\io\get_input_data.m',159,0)">line 159</a>)
  In <a href="matlab:matlab.internal.language.introspective.errorDocCallback('BUG_sweep210508', 'E:\GitRepos\NIS_driver_power_deposition\BUG_sweep210508.m', 70)" style="font-weight:bold">BUG_sweep210508</a> (<a href="matlab: opentoline('E:\GitRepos\NIS_driver_power_deposition\BUG_sweep210508.m',70,0)">line 70</a>)] 
[INFO] Use ICP heating model: Ohmic+stochastic heating 
[INFO] Use stoc model: Vahedi-simplify
[WARN]  For some elements, ions respond to the RF electric field.
ω_pe>>ω_pi for these elements, so the ion kinetics is neglected.
[INFO] Use skin depth formula: as-medium-simplified 
[WARN] 存在λ＜≈R ，需要考虑相位变化
[WARN] idx of elements with λ＜≈R
  1 至 20 列

     1     2     3     4     5     6     7     8     9    10    11    12    13    14    15    16    17    18    19    20

  21 至 27 列

    21    22    23    24    25    26    27

[INFO] Results from plasma model.
等离子体参数
ne = 1.7e+17 ~ 5.5e+17 m^-3 , Te = 4.5 ~ 9.3 eV
f = 1.00e+06 ~ 1.00e+06 Hz, p = 0.2 ~ 0.5 Pa, Tg = 630.0 ~ 630.0 K, ng = 2.30e+19 ~ 5.75e+19 m^-3
特征频率
ω_RF = 6.28e+06 ~ 6.28e+06 rad/s, ω_pe = 2.34e+10 ~ 4.18e+10 rad/s, ω_pi = 5.46e+08 ~ 9.76e+08 rad/s
特征时间
RF周期T = 1.00e-06 ~ 1.00e-06 s
[INFO] Use electric model: analytical_base
[WARN] l_coil≠l_plasma. Use the shorter one: l_part=l_coil. 
[INFO] Results from electric model.
等离子体等效阻抗
PER = 19.32 ~ 30.60 Ω, Lplasma = 4.62e-06 ~ 7.78e-06 , Xplasma = 2.90e+01 ~ 4.89e+01 
系统等效阻抗Zsys
Rsys = 1.99e+01 ~ 3.12e+01 , Lsys = 1.35e-05 ~ 1.67e-05 , Xsys = 8.48e+01 ~ 1.05e+02 
Rmetal = 6.00e-01 ~ 6.00e-01 
效率
射频功率传输效率 PTE = 97.0% ~ 98.1% 

-----END 20210511_173805-----

